<?xml version="1.0" encoding="UTF-8" ?>
<testsuite tests="5" failures="0" name="com.sapient.week1.ApplicationTest" time="0.009" errors="0" skipped="1">
  <properties>
[...]
</properties>
  <testcase classname="com.sapient.week1.ApplicationTest" name="test1" time="0.009"/>
  <testcase classname="com.sapient.week1.ApplicationTest" name="test2" time="0"/>
  <testcase classname="com.sapient.week1.ApplicationTest" name="test3" time="0"/>
  <testcase classname="com.sapient.week1.ApplicationTest" name="test4" time="0">
    <skipped/>
  </testcase>
  <testcase classname="com.sapient.week1.ApplicationTest" name="test5" time="0"/>
</testsuite>